<?xml version="1.0" encoding="UTF-8"?>
<!-- Generated by org.testng.reporters.JUnitXMLReporter -->
<testsuite hostname="DESKTOP-G0T9AQE" name="Regression_Test" tests="6" failures="3" timestamp="10 Nov 2022 16:59:50 GMT" time="74.068" errors="0">
  <testcase name="Check_provisional_text_for_Privacy" time="1.528" classname="Jasper.Automation.Tests.Tests">
    <failure type="java.lang.AssertionError" message="expected [true] but found [false]">
      <![CDATA[java.lang.AssertionError: expected [true] but found [false]
	at Jasper.Automation.Tests.Tests.Check_provisional_text_for_Privacy(Tests.java:109)
... Removed 28 stack frames]]>
    </failure>
  </testcase> <!-- Check_provisional_text_for_Privacy -->
  <testcase name="Check_provisional_text_for_Terms_and_condition" time="1.446" classname="Jasper.Automation.Tests.Tests">
    <failure type="java.lang.AssertionError" message="expected [true] but found [false]">
      <![CDATA[java.lang.AssertionError: expected [true] but found [false]
	at Jasper.Automation.Tests.Tests.Check_provisional_text_for_Terms_and_condition(Tests.java:97)
... Removed 28 stack frames]]>
    </failure>
  </testcase> <!-- Check_provisional_text_for_Terms_and_condition -->
  <testcase name="Factorial_for_limit_value_171_is_Not_infinity" time="4.411" classname="Jasper.Automation.Tests.Tests">
    <failure type="java.lang.AssertionError" message="expected [true] but found [false]">
      <![CDATA[java.lang.AssertionError: expected [true] but found [false]
	at Jasper.Automation.Tests.Tests.Factorial_for_limit_value_171_is_Not_infinity(Tests.java:84)
... Removed 28 stack frames]]>
    </failure>
  </testcase> <!-- Factorial_for_limit_value_171_is_Not_infinity -->
  <testcase name="Get_factorial_for_limit_value_170" time="4.383" classname="Jasper.Automation.Tests.Tests"/>
  <testcase name="Get_factorial_for_limit_value_zero" time="4.346" classname="Jasper.Automation.Tests.Tests"/>
  <testcase name="Happy_path_Get_factorial_valid_num" time="4.331" classname="Jasper.Automation.Tests.Tests"/>
</testsuite> <!-- Regression_Test -->
